<?xml version="1.0" encoding="UTF-8"?>
<testsuite xmlns:xsi="http://www.w3.org/2001/XMLSchema-instance" xsi:noNamespaceSchemaLocation="https://maven.apache.org/surefire/maven-surefire-plugin/xsd/surefire-test-report-3.0.xsd" version="3.0" name="com.gcp.gcsstoragedemo.GcsStorageDemoApplicationTests" time="4.549" tests="1" errors="0" skipped="0" failures="0">
  <properties>
    <property name="java.specification.version" value="17"/>
    <property name="sun.cpu.isalist" value="amd64"/>
    <property name="sun.jnu.encoding" value="Cp1252"/>
    <property name="java.class.path" value="C:\code\gcs-storage-demo\gcs-storage-demo\target\test-classes;C:\code\gcs-storage-demo\gcs-storage-demo\target\classes;C:\Users\SAILS-DM316\.m2\repository\org\springframework\boot\spring-boot-starter-web\3.2.5\spring-boot-starter-web-3.2.5.jar;C:\Users\SAILS-DM316\.m2\repository\org\springframework\boot\spring-boot-starter\3.2.5\spring-boot-starter-3.2.5.jar;C:\Users\SAILS-DM316\.m2\repository\org\springframework\boot\spring-boot\3.2.5\spring-boot-3.2.5.jar;C:\Users\SAILS-DM316\.m2\repository\org\springframework\boot\spring-boot-autoconfigure\3.2.5\spring-boot-autoconfigure-3.2.5.jar;C:\Users\SAILS-DM316\.m2\repository\org\springframework\boot\spring-boot-starter-logging\3.2.5\spring-boot-starter-logging-3.2.5.jar;C:\Users\SAILS-DM316\.m2\repository\ch\qos\logback\logback-classic\1.4.14\logback-classic-1.4.14.jar;C:\Users\SAILS-DM316\.m2\repository\ch\qos\logback\logback-core\1.4.14\logback-core-1.4.14.jar;C:\Users\SAILS-DM316\.m2\repository\org\apache\logging\log4j\log4j-to-slf4j\2.21.1\log4j-to-slf4j-2.21.1.jar;C:\Users\SAILS-DM316\.m2\repository\org\apache\logging\log4j\log4j-api\2.21.1\log4j-api-2.21.1.jar;C:\Users\SAILS-DM316\.m2\repository\org\slf4j\jul-to-slf4j\2.0.13\jul-to-slf4j-2.0.13.jar;C:\Users\SAILS-DM316\.m2\repository\jakarta\annotation\jakarta.annotation-api\2.1.1\jakarta.annotation-api-2.1.1.jar;C:\Users\SAILS-DM316\.m2\repository\org\yaml\snakeyaml\2.2\snakeyaml-2.2.jar;C:\Users\SAILS-DM316\.m2\repository\org\springframework\boot\spring-boot-starter-json\3.2.5\spring-boot-starter-json-3.2.5.jar;C:\Users\SAILS-DM316\.m2\repository\com\fasterxml\jackson\core\jackson-databind\2.15.4\jackson-databind-2.15.4.jar;C:\Users\SAILS-DM316\.m2\repository\com\fasterxml\jackson\core\jackson-annotations\2.15.4\jackson-annotations-2.15.4.jar;C:\Users\SAILS-DM316\.m2\repository\com\fasterxml\jackson\core\jackson-core\2.15.4\jackson-core-2.15.4.jar;C:\Users\SAILS-DM316\.m2\repository\com\fasterxml\jackson\datatype\jackson-datatype-jdk8\2.15.4\jackson-datatype-jdk8-2.15.4.jar;C:\Users\SAILS-DM316\.m2\repository\com\fasterxml\jackson\datatype\jackson-datatype-jsr310\2.15.4\jackson-datatype-jsr310-2.15.4.jar;C:\Users\SAILS-DM316\.m2\repository\com\fasterxml\jackson\module\jackson-module-parameter-names\2.15.4\jackson-module-parameter-names-2.15.4.jar;C:\Users\SAILS-DM316\.m2\repository\org\springframework\boot\spring-boot-starter-tomcat\3.2.5\spring-boot-starter-tomcat-3.2.5.jar;C:\Users\SAILS-DM316\.m2\repository\org\apache\tomcat\embed\tomcat-embed-core\10.1.20\tomcat-embed-core-10.1.20.jar;C:\Users\SAILS-DM316\.m2\repository\org\apache\tomcat\embed\tomcat-embed-el\10.1.20\tomcat-embed-el-10.1.20.jar;C:\Users\SAILS-DM316\.m2\repository\org\apache\tomcat\embed\tomcat-embed-websocket\10.1.20\tomcat-embed-websocket-10.1.20.jar;C:\Users\SAILS-DM316\.m2\repository\org\springframework\spring-web\6.1.6\spring-web-6.1.6.jar;C:\Users\SAILS-DM316\.m2\repository\org\springframework\spring-beans\6.1.6\spring-beans-6.1.6.jar;C:\Users\SAILS-DM316\.m2\repository\io\micrometer\micrometer-observation\1.12.5\micrometer-observation-1.12.5.jar;C:\Users\SAILS-DM316\.m2\repository\io\micrometer\micrometer-commons\1.12.5\micrometer-commons-1.12.5.jar;C:\Users\SAILS-DM316\.m2\repository\org\springframework\spring-webmvc\6.1.6\spring-webmvc-6.1.6.jar;C:\Users\SAILS-DM316\.m2\repository\org\springframework\spring-aop\6.1.6\spring-aop-6.1.6.jar;C:\Users\SAILS-DM316\.m2\repository\org\springframework\spring-context\6.1.6\spring-context-6.1.6.jar;C:\Users\SAILS-DM316\.m2\repository\org\springframework\spring-expression\6.1.6\spring-expression-6.1.6.jar;C:\Users\SAILS-DM316\.m2\repository\com\google\cloud\spring-cloud-gcp-starter\5.0.0\spring-cloud-gcp-starter-5.0.0.jar;C:\Users\SAILS-DM316\.m2\repository\com\google\cloud\spring-cloud-gcp-core\5.0.0\spring-cloud-gcp-core-5.0.0.jar;C:\Users\SAILS-DM316\.m2\repository\com\google\cloud\google-cloud-core\2.28.0\google-cloud-core-2.28.0.jar;C:\Users\SAILS-DM316\.m2\repository\com\google\guava\guava\32.1.3-jre\guava-32.1.3-jre.jar;C:\Users\SAILS-DM316\.m2\repository\com\google\api\gax\2.38.0\gax-2.38.0.jar;C:\Users\SAILS-DM316\.m2\repository\com\google\auto\value\auto-value-annotations\1.10.4\auto-value-annotations-1.10.4.jar;C:\Users\SAILS-DM316\.m2\repository\com\google\protobuf\protobuf-java-util\3.25.1\protobuf-java-util-3.25.1.jar;C:\Users\SAILS-DM316\.m2\repository\com\google\api\grpc\proto-google-common-protos\2.29.0\proto-google-common-protos-2.29.0.jar;C:\Users\SAILS-DM316\.m2\repository\com\google\api\grpc\proto-google-iam-v1\1.24.0\proto-google-iam-v1-1.24.0.jar;C:\Users\SAILS-DM316\.m2\repository\org\threeten\threetenbp\1.6.8\threetenbp-1.6.8.jar;C:\Users\SAILS-DM316\.m2\repository\com\google\api\api-common\2.21.0\api-common-2.21.0.jar;C:\Users\SAILS-DM316\.m2\repository\com\google\auth\google-auth-library-credentials\1.20.0\google-auth-library-credentials-1.20.0.jar;C:\Users\SAILS-DM316\.m2\repository\com\google\auth\google-auth-library-oauth2-http\1.20.0\google-auth-library-oauth2-http-1.20.0.jar;C:\Users\SAILS-DM316\.m2\repository\com\google\http-client\google-http-client\1.43.3\google-http-client-1.43.3.jar;C:\Users\SAILS-DM316\.m2\repository\org\apache\httpcomponents\httpclient\4.5.14\httpclient-4.5.14.jar;C:\Users\SAILS-DM316\.m2\repository\commons-logging\commons-logging\1.2\commons-logging-1.2.jar;C:\Users\SAILS-DM316\.m2\repository\org\apache\httpcomponents\httpcore\4.4.16\httpcore-4.4.16.jar;C:\Users\SAILS-DM316\.m2\repository\com\google\http-client\google-http-client-gson\1.43.3\google-http-client-gson-1.43.3.jar;C:\Users\SAILS-DM316\.m2\repository\com\google\protobuf\protobuf-java\3.25.1\protobuf-java-3.25.1.jar;C:\Users\SAILS-DM316\.m2\repository\com\google\errorprone\error_prone_annotations\2.23.0\error_prone_annotations-2.23.0.jar;C:\Users\SAILS-DM316\.m2\repository\com\google\code\findbugs\jsr305\3.0.2\jsr305-3.0.2.jar;C:\Users\SAILS-DM316\.m2\repository\com\google\cloud\spring-cloud-gcp-autoconfigure\5.0.0\spring-cloud-gcp-autoconfigure-5.0.0.jar;C:\Users\SAILS-DM316\.m2\repository\org\apache\commons\commons-lang3\3.13.0\commons-lang3-3.13.0.jar;C:\Users\SAILS-DM316\.m2\repository\org\slf4j\slf4j-api\2.0.13\slf4j-api-2.0.13.jar;C:\Users\SAILS-DM316\.m2\repository\com\google\cloud\spring-cloud-gcp-starter-storage\5.0.0\spring-cloud-gcp-starter-storage-5.0.0.jar;C:\Users\SAILS-DM316\.m2\repository\com\google\cloud\spring-cloud-gcp-storage\5.0.0\spring-cloud-gcp-storage-5.0.0.jar;C:\Users\SAILS-DM316\.m2\repository\com\google\cloud\google-cloud-storage\2.30.1\google-cloud-storage-2.30.1.jar;C:\Users\SAILS-DM316\.m2\repository\com\google\guava\failureaccess\1.0.1\failureaccess-1.0.1.jar;C:\Users\SAILS-DM316\.m2\repository\com\google\guava\listenablefuture\9999.0-empty-to-avoid-conflict-with-guava\listenablefuture-9999.0-empty-to-avoid-conflict-with-guava.jar;C:\Users\SAILS-DM316\.m2\repository\com\google\j2objc\j2objc-annotations\2.8\j2objc-annotations-2.8.jar;C:\Users\SAILS-DM316\.m2\repository\io\opencensus\opencensus-contrib-http-util\0.31.1\opencensus-contrib-http-util-0.31.1.jar;C:\Users\SAILS-DM316\.m2\repository\com\google\http-client\google-http-client-jackson2\1.43.3\google-http-client-jackson2-1.43.3.jar;C:\Users\SAILS-DM316\.m2\repository\com\google\api-client\google-api-client\2.2.0\google-api-client-2.2.0.jar;C:\Users\SAILS-DM316\.m2\repository\commons-codec\commons-codec\1.16.1\commons-codec-1.16.1.jar;C:\Users\SAILS-DM316\.m2\repository\com\google\oauth-client\google-oauth-client\1.34.1\google-oauth-client-1.34.1.jar;C:\Users\SAILS-DM316\.m2\repository\com\google\http-client\google-http-client-apache-v2\1.43.3\google-http-client-apache-v2-1.43.3.jar;C:\Users\SAILS-DM316\.m2\repository\com\google\apis\google-api-services-storage\v1-rev20231117-2.0.0\google-api-services-storage-v1-rev20231117-2.0.0.jar;C:\Users\SAILS-DM316\.m2\repository\com\google\code\gson\gson\2.10.1\gson-2.10.1.jar;C:\Users\SAILS-DM316\.m2\repository\com\google\cloud\google-cloud-core-http\2.28.0\google-cloud-core-http-2.28.0.jar;C:\Users\SAILS-DM316\.m2\repository\com\google\http-client\google-http-client-appengine\1.43.3\google-http-client-appengine-1.43.3.jar;C:\Users\SAILS-DM316\.m2\repository\com\google\api\gax-httpjson\2.38.0\gax-httpjson-2.38.0.jar;C:\Users\SAILS-DM316\.m2\repository\com\google\cloud\google-cloud-core-grpc\2.28.0\google-cloud-core-grpc-2.28.0.jar;C:\Users\SAILS-DM316\.m2\repository\com\google\api\gax-grpc\2.38.0\gax-grpc-2.38.0.jar;C:\Users\SAILS-DM316\.m2\repository\io\grpc\grpc-inprocess\1.59.1\grpc-inprocess-1.59.1.jar;C:\Users\SAILS-DM316\.m2\repository\io\grpc\grpc-alts\1.59.1\grpc-alts-1.59.1.jar;C:\Users\SAILS-DM316\.m2\repository\io\grpc\grpc-grpclb\1.59.1\grpc-grpclb-1.59.1.jar;C:\Users\SAILS-DM316\.m2\repository\org\conscrypt\conscrypt-openjdk-uber\2.5.2\conscrypt-openjdk-uber-2.5.2.jar;C:\Users\SAILS-DM316\.m2\repository\io\grpc\grpc-auth\1.59.1\grpc-auth-1.59.1.jar;C:\Users\SAILS-DM316\.m2\repository\io\grpc\grpc-protobuf\1.59.1\grpc-protobuf-1.59.1.jar;C:\Users\SAILS-DM316\.m2\repository\io\grpc\grpc-protobuf-lite\1.59.1\grpc-protobuf-lite-1.59.1.jar;C:\Users\SAILS-DM316\.m2\repository\javax\annotation\javax.annotation-api\1.3.2\javax.annotation-api-1.3.2.jar;C:\Users\SAILS-DM316\.m2\repository\io\opencensus\opencensus-api\0.31.1\opencensus-api-0.31.1.jar;C:\Users\SAILS-DM316\.m2\repository\io\grpc\grpc-context\1.59.1\grpc-context-1.59.1.jar;C:\Users\SAILS-DM316\.m2\repository\com\google\api\grpc\proto-google-cloud-storage-v2\2.30.1-alpha\proto-google-cloud-storage-v2-2.30.1-alpha.jar;C:\Users\SAILS-DM316\.m2\repository\com\google\api\grpc\grpc-google-cloud-storage-v2\2.30.1-alpha\grpc-google-cloud-storage-v2-2.30.1-alpha.jar;C:\Users\SAILS-DM316\.m2\repository\com\google\api\grpc\gapic-google-cloud-storage-v2\2.30.1-alpha\gapic-google-cloud-storage-v2-2.30.1-alpha.jar;C:\Users\SAILS-DM316\.m2\repository\io\grpc\grpc-api\1.59.1\grpc-api-1.59.1.jar;C:\Users\SAILS-DM316\.m2\repository\io\grpc\grpc-netty-shaded\1.59.1\grpc-netty-shaded-1.59.1.jar;C:\Users\SAILS-DM316\.m2\repository\io\perfmark\perfmark-api\0.26.0\perfmark-api-0.26.0.jar;C:\Users\SAILS-DM316\.m2\repository\io\grpc\grpc-core\1.59.1\grpc-core-1.59.1.jar;C:\Users\SAILS-DM316\.m2\repository\com\google\android\annotations\4.1.1.4\annotations-4.1.1.4.jar;C:\Users\SAILS-DM316\.m2\repository\org\codehaus\mojo\animal-sniffer-annotations\1.23\animal-sniffer-annotations-1.23.jar;C:\Users\SAILS-DM316\.m2\repository\io\grpc\grpc-stub\1.59.1\grpc-stub-1.59.1.jar;C:\Users\SAILS-DM316\.m2\repository\io\grpc\grpc-googleapis\1.59.1\grpc-googleapis-1.59.1.jar;C:\Users\SAILS-DM316\.m2\repository\org\checkerframework\checker-qual\3.40.0\checker-qual-3.40.0.jar;C:\Users\SAILS-DM316\.m2\repository\io\grpc\grpc-xds\1.59.1\grpc-xds-1.59.1.jar;C:\Users\SAILS-DM316\.m2\repository\io\opencensus\opencensus-proto\0.2.0\opencensus-proto-0.2.0.jar;C:\Users\SAILS-DM316\.m2\repository\io\grpc\grpc-services\1.59.1\grpc-services-1.59.1.jar;C:\Users\SAILS-DM316\.m2\repository\com\google\re2j\re2j\1.7\re2j-1.7.jar;C:\Users\SAILS-DM316\.m2\repository\io\grpc\grpc-rls\1.59.1\grpc-rls-1.59.1.jar;C:\Users\SAILS-DM316\.m2\repository\io\grpc\grpc-util\1.59.1\grpc-util-1.59.1.jar;C:\Users\SAILS-DM316\.m2\repository\org\projectlombok\lombok\1.18.32\lombok-1.18.32.jar;C:\Users\SAILS-DM316\.m2\repository\org\springframework\boot\spring-boot-starter-test\3.2.5\spring-boot-starter-test-3.2.5.jar;C:\Users\SAILS-DM316\.m2\repository\org\springframework\boot\spring-boot-test\3.2.5\spring-boot-test-3.2.5.jar;C:\Users\SAILS-DM316\.m2\repository\org\springframework\boot\spring-boot-test-autoconfigure\3.2.5\spring-boot-test-autoconfigure-3.2.5.jar;C:\Users\SAILS-DM316\.m2\repository\com\jayway\jsonpath\json-path\2.9.0\json-path-2.9.0.jar;C:\Users\SAILS-DM316\.m2\repository\jakarta\xml\bind\jakarta.xml.bind-api\4.0.2\jakarta.xml.bind-api-4.0.2.jar;C:\Users\SAILS-DM316\.m2\repository\jakarta\activation\jakarta.activation-api\2.1.3\jakarta.activation-api-2.1.3.jar;C:\Users\SAILS-DM316\.m2\repository\net\minidev\json-smart\2.5.1\json-smart-2.5.1.jar;C:\Users\SAILS-DM316\.m2\repository\net\minidev\accessors-smart\2.5.1\accessors-smart-2.5.1.jar;C:\Users\SAILS-DM316\.m2\repository\org\ow2\asm\asm\9.6\asm-9.6.jar;C:\Users\SAILS-DM316\.m2\repository\org\assertj\assertj-core\3.24.2\assertj-core-3.24.2.jar;C:\Users\SAILS-DM316\.m2\repository\net\bytebuddy\byte-buddy\1.14.13\byte-buddy-1.14.13.jar;C:\Users\SAILS-DM316\.m2\repository\org\awaitility\awaitility\4.2.1\awaitility-4.2.1.jar;C:\Users\SAILS-DM316\.m2\repository\org\hamcrest\hamcrest\2.2\hamcrest-2.2.jar;C:\Users\SAILS-DM316\.m2\repository\org\junit\jupiter\junit-jupiter\5.10.2\junit-jupiter-5.10.2.jar;C:\Users\SAILS-DM316\.m2\repository\org\junit\jupiter\junit-jupiter-api\5.10.2\junit-jupiter-api-5.10.2.jar;C:\Users\SAILS-DM316\.m2\repository\org\opentest4j\opentest4j\1.3.0\opentest4j-1.3.0.jar;C:\Users\SAILS-DM316\.m2\repository\org\junit\platform\junit-platform-commons\1.10.2\junit-platform-commons-1.10.2.jar;C:\Users\SAILS-DM316\.m2\repository\org\apiguardian\apiguardian-api\1.1.2\apiguardian-api-1.1.2.jar;C:\Users\SAILS-DM316\.m2\repository\org\junit\jupiter\junit-jupiter-params\5.10.2\junit-jupiter-params-5.10.2.jar;C:\Users\SAILS-DM316\.m2\repository\org\junit\jupiter\junit-jupiter-engine\5.10.2\junit-jupiter-engine-5.10.2.jar;C:\Users\SAILS-DM316\.m2\repository\org\junit\platform\junit-platform-engine\1.10.2\junit-platform-engine-1.10.2.jar;C:\Users\SAILS-DM316\.m2\repository\org\mockito\mockito-core\5.7.0\mockito-core-5.7.0.jar;C:\Users\SAILS-DM316\.m2\repository\net\bytebuddy\byte-buddy-agent\1.14.13\byte-buddy-agent-1.14.13.jar;C:\Users\SAILS-DM316\.m2\repository\org\objenesis\objenesis\3.3\objenesis-3.3.jar;C:\Users\SAILS-DM316\.m2\repository\org\mockito\mockito-junit-jupiter\5.7.0\mockito-junit-jupiter-5.7.0.jar;C:\Users\SAILS-DM316\.m2\repository\org\skyscreamer\jsonassert\1.5.1\jsonassert-1.5.1.jar;C:\Users\SAILS-DM316\.m2\repository\com\vaadin\external\google\android-json\0.0.20131108.vaadin1\android-json-0.0.20131108.vaadin1.jar;C:\Users\SAILS-DM316\.m2\repository\org\springframework\spring-core\6.1.6\spring-core-6.1.6.jar;C:\Users\SAILS-DM316\.m2\repository\org\springframework\spring-jcl\6.1.6\spring-jcl-6.1.6.jar;C:\Users\SAILS-DM316\.m2\repository\org\springframework\spring-test\6.1.6\spring-test-6.1.6.jar;C:\Users\SAILS-DM316\.m2\repository\org\xmlunit\xmlunit-core\2.9.1\xmlunit-core-2.9.1.jar;"/>
    <property name="java.vm.vendor" value="Amazon.com Inc."/>
    <property name="sun.arch.data.model" value="64"/>
    <property name="user.variant" value=""/>
    <property name="java.vendor.url" value="https://aws.amazon.com/corretto/"/>
    <property name="user.timezone" value="Asia/Calcutta"/>
    <property name="os.name" value="Windows 11"/>
    <property name="java.vm.specification.version" value="17"/>
    <property name="sun.java.launcher" value="SUN_STANDARD"/>
    <property name="user.country" value="US"/>
    <property name="sun.boot.library.path" value="C:\Users\SAILS-DM316\.jdks\corretto-17.0.6\bin"/>
    <property name="sun.java.command" value="C:\Users\SAILS-DM316\AppData\Local\Temp\surefire2799634938358851178\surefirebooter-20240507190309247_3.jar C:\Users\SAILS-DM316\AppData\Local\Temp\surefire2799634938358851178 2024-05-07T19-03-08_133-jvmRun1 surefire-20240507190309247_1tmp surefire_0-20240507190309247_2tmp"/>
    <property name="jdk.debug" value="release"/>
    <property name="surefire.test.class.path" value="C:\code\gcs-storage-demo\gcs-storage-demo\target\test-classes;C:\code\gcs-storage-demo\gcs-storage-demo\target\classes;C:\Users\SAILS-DM316\.m2\repository\org\springframework\boot\spring-boot-starter-web\3.2.5\spring-boot-starter-web-3.2.5.jar;C:\Users\SAILS-DM316\.m2\repository\org\springframework\boot\spring-boot-starter\3.2.5\spring-boot-starter-3.2.5.jar;C:\Users\SAILS-DM316\.m2\repository\org\springframework\boot\spring-boot\3.2.5\spring-boot-3.2.5.jar;C:\Users\SAILS-DM316\.m2\repository\org\springframework\boot\spring-boot-autoconfigure\3.2.5\spring-boot-autoconfigure-3.2.5.jar;C:\Users\SAILS-DM316\.m2\repository\org\springframework\boot\spring-boot-starter-logging\3.2.5\spring-boot-starter-logging-3.2.5.jar;C:\Users\SAILS-DM316\.m2\repository\ch\qos\logback\logback-classic\1.4.14\logback-classic-1.4.14.jar;C:\Users\SAILS-DM316\.m2\repository\ch\qos\logback\logback-core\1.4.14\logback-core-1.4.14.jar;C:\Users\SAILS-DM316\.m2\repository\org\apache\logging\log4j\log4j-to-slf4j\2.21.1\log4j-to-slf4j-2.21.1.jar;C:\Users\SAILS-DM316\.m2\repository\org\apache\logging\log4j\log4j-api\2.21.1\log4j-api-2.21.1.jar;C:\Users\SAILS-DM316\.m2\repository\org\slf4j\jul-to-slf4j\2.0.13\jul-to-slf4j-2.0.13.jar;C:\Users\SAILS-DM316\.m2\repository\jakarta\annotation\jakarta.annotation-api\2.1.1\jakarta.annotation-api-2.1.1.jar;C:\Users\SAILS-DM316\.m2\repository\org\yaml\snakeyaml\2.2\snakeyaml-2.2.jar;C:\Users\SAILS-DM316\.m2\repository\org\springframework\boot\spring-boot-starter-json\3.2.5\spring-boot-starter-json-3.2.5.jar;C:\Users\SAILS-DM316\.m2\repository\com\fasterxml\jackson\core\jackson-databind\2.15.4\jackson-databind-2.15.4.jar;C:\Users\SAILS-DM316\.m2\repository\com\fasterxml\jackson\core\jackson-annotations\2.15.4\jackson-annotations-2.15.4.jar;C:\Users\SAILS-DM316\.m2\repository\com\fasterxml\jackson\core\jackson-core\2.15.4\jackson-core-2.15.4.jar;C:\Users\SAILS-DM316\.m2\repository\com\fasterxml\jackson\datatype\jackson-datatype-jdk8\2.15.4\jackson-datatype-jdk8-2.15.4.jar;C:\Users\SAILS-DM316\.m2\repository\com\fasterxml\jackson\datatype\jackson-datatype-jsr310\2.15.4\jackson-datatype-jsr310-2.15.4.jar;C:\Users\SAILS-DM316\.m2\repository\com\fasterxml\jackson\module\jackson-module-parameter-names\2.15.4\jackson-module-parameter-names-2.15.4.jar;C:\Users\SAILS-DM316\.m2\repository\org\springframework\boot\spring-boot-starter-tomcat\3.2.5\spring-boot-starter-tomcat-3.2.5.jar;C:\Users\SAILS-DM316\.m2\repository\org\apache\tomcat\embed\tomcat-embed-core\10.1.20\tomcat-embed-core-10.1.20.jar;C:\Users\SAILS-DM316\.m2\repository\org\apache\tomcat\embed\tomcat-embed-el\10.1.20\tomcat-embed-el-10.1.20.jar;C:\Users\SAILS-DM316\.m2\repository\org\apache\tomcat\embed\tomcat-embed-websocket\10.1.20\tomcat-embed-websocket-10.1.20.jar;C:\Users\SAILS-DM316\.m2\repository\org\springframework\spring-web\6.1.6\spring-web-6.1.6.jar;C:\Users\SAILS-DM316\.m2\repository\org\springframework\spring-beans\6.1.6\spring-beans-6.1.6.jar;C:\Users\SAILS-DM316\.m2\repository\io\micrometer\micrometer-observation\1.12.5\micrometer-observation-1.12.5.jar;C:\Users\SAILS-DM316\.m2\repository\io\micrometer\micrometer-commons\1.12.5\micrometer-commons-1.12.5.jar;C:\Users\SAILS-DM316\.m2\repository\org\springframework\spring-webmvc\6.1.6\spring-webmvc-6.1.6.jar;C:\Users\SAILS-DM316\.m2\repository\org\springframework\spring-aop\6.1.6\spring-aop-6.1.6.jar;C:\Users\SAILS-DM316\.m2\repository\org\springframework\spring-context\6.1.6\spring-context-6.1.6.jar;C:\Users\SAILS-DM316\.m2\repository\org\springframework\spring-expression\6.1.6\spring-expression-6.1.6.jar;C:\Users\SAILS-DM316\.m2\repository\com\google\cloud\spring-cloud-gcp-starter\5.0.0\spring-cloud-gcp-starter-5.0.0.jar;C:\Users\SAILS-DM316\.m2\repository\com\google\cloud\spring-cloud-gcp-core\5.0.0\spring-cloud-gcp-core-5.0.0.jar;C:\Users\SAILS-DM316\.m2\repository\com\google\cloud\google-cloud-core\2.28.0\google-cloud-core-2.28.0.jar;C:\Users\SAILS-DM316\.m2\repository\com\google\guava\guava\32.1.3-jre\guava-32.1.3-jre.jar;C:\Users\SAILS-DM316\.m2\repository\com\google\api\gax\2.38.0\gax-2.38.0.jar;C:\Users\SAILS-DM316\.m2\repository\com\google\auto\value\auto-value-annotations\1.10.4\auto-value-annotations-1.10.4.jar;C:\Users\SAILS-DM316\.m2\repository\com\google\protobuf\protobuf-java-util\3.25.1\protobuf-java-util-3.25.1.jar;C:\Users\SAILS-DM316\.m2\repository\com\google\api\grpc\proto-google-common-protos\2.29.0\proto-google-common-protos-2.29.0.jar;C:\Users\SAILS-DM316\.m2\repository\com\google\api\grpc\proto-google-iam-v1\1.24.0\proto-google-iam-v1-1.24.0.jar;C:\Users\SAILS-DM316\.m2\repository\org\threeten\threetenbp\1.6.8\threetenbp-1.6.8.jar;C:\Users\SAILS-DM316\.m2\repository\com\google\api\api-common\2.21.0\api-common-2.21.0.jar;C:\Users\SAILS-DM316\.m2\repository\com\google\auth\google-auth-library-credentials\1.20.0\google-auth-library-credentials-1.20.0.jar;C:\Users\SAILS-DM316\.m2\repository\com\google\auth\google-auth-library-oauth2-http\1.20.0\google-auth-library-oauth2-http-1.20.0.jar;C:\Users\SAILS-DM316\.m2\repository\com\google\http-client\google-http-client\1.43.3\google-http-client-1.43.3.jar;C:\Users\SAILS-DM316\.m2\repository\org\apache\httpcomponents\httpclient\4.5.14\httpclient-4.5.14.jar;C:\Users\SAILS-DM316\.m2\repository\commons-logging\commons-logging\1.2\commons-logging-1.2.jar;C:\Users\SAILS-DM316\.m2\repository\org\apache\httpcomponents\httpcore\4.4.16\httpcore-4.4.16.jar;C:\Users\SAILS-DM316\.m2\repository\com\google\http-client\google-http-client-gson\1.43.3\google-http-client-gson-1.43.3.jar;C:\Users\SAILS-DM316\.m2\repository\com\google\protobuf\protobuf-java\3.25.1\protobuf-java-3.25.1.jar;C:\Users\SAILS-DM316\.m2\repository\com\google\errorprone\error_prone_annotations\2.23.0\error_prone_annotations-2.23.0.jar;C:\Users\SAILS-DM316\.m2\repository\com\google\code\findbugs\jsr305\3.0.2\jsr305-3.0.2.jar;C:\Users\SAILS-DM316\.m2\repository\com\google\cloud\spring-cloud-gcp-autoconfigure\5.0.0\spring-cloud-gcp-autoconfigure-5.0.0.jar;C:\Users\SAILS-DM316\.m2\repository\org\apache\commons\commons-lang3\3.13.0\commons-lang3-3.13.0.jar;C:\Users\SAILS-DM316\.m2\repository\org\slf4j\slf4j-api\2.0.13\slf4j-api-2.0.13.jar;C:\Users\SAILS-DM316\.m2\repository\com\google\cloud\spring-cloud-gcp-starter-storage\5.0.0\spring-cloud-gcp-starter-storage-5.0.0.jar;C:\Users\SAILS-DM316\.m2\repository\com\google\cloud\spring-cloud-gcp-storage\5.0.0\spring-cloud-gcp-storage-5.0.0.jar;C:\Users\SAILS-DM316\.m2\repository\com\google\cloud\google-cloud-storage\2.30.1\google-cloud-storage-2.30.1.jar;C:\Users\SAILS-DM316\.m2\repository\com\google\guava\failureaccess\1.0.1\failureaccess-1.0.1.jar;C:\Users\SAILS-DM316\.m2\repository\com\google\guava\listenablefuture\9999.0-empty-to-avoid-conflict-with-guava\listenablefuture-9999.0-empty-to-avoid-conflict-with-guava.jar;C:\Users\SAILS-DM316\.m2\repository\com\google\j2objc\j2objc-annotations\2.8\j2objc-annotations-2.8.jar;C:\Users\SAILS-DM316\.m2\repository\io\opencensus\opencensus-contrib-http-util\0.31.1\opencensus-contrib-http-util-0.31.1.jar;C:\Users\SAILS-DM316\.m2\repository\com\google\http-client\google-http-client-jackson2\1.43.3\google-http-client-jackson2-1.43.3.jar;C:\Users\SAILS-DM316\.m2\repository\com\google\api-client\google-api-client\2.2.0\google-api-client-2.2.0.jar;C:\Users\SAILS-DM316\.m2\repository\commons-codec\commons-codec\1.16.1\commons-codec-1.16.1.jar;C:\Users\SAILS-DM316\.m2\repository\com\google\oauth-client\google-oauth-client\1.34.1\google-oauth-client-1.34.1.jar;C:\Users\SAILS-DM316\.m2\repository\com\google\http-client\google-http-client-apache-v2\1.43.3\google-http-client-apache-v2-1.43.3.jar;C:\Users\SAILS-DM316\.m2\repository\com\google\apis\google-api-services-storage\v1-rev20231117-2.0.0\google-api-services-storage-v1-rev20231117-2.0.0.jar;C:\Users\SAILS-DM316\.m2\repository\com\google\code\gson\gson\2.10.1\gson-2.10.1.jar;C:\Users\SAILS-DM316\.m2\repository\com\google\cloud\google-cloud-core-http\2.28.0\google-cloud-core-http-2.28.0.jar;C:\Users\SAILS-DM316\.m2\repository\com\google\http-client\google-http-client-appengine\1.43.3\google-http-client-appengine-1.43.3.jar;C:\Users\SAILS-DM316\.m2\repository\com\google\api\gax-httpjson\2.38.0\gax-httpjson-2.38.0.jar;C:\Users\SAILS-DM316\.m2\repository\com\google\cloud\google-cloud-core-grpc\2.28.0\google-cloud-core-grpc-2.28.0.jar;C:\Users\SAILS-DM316\.m2\repository\com\google\api\gax-grpc\2.38.0\gax-grpc-2.38.0.jar;C:\Users\SAILS-DM316\.m2\repository\io\grpc\grpc-inprocess\1.59.1\grpc-inprocess-1.59.1.jar;C:\Users\SAILS-DM316\.m2\repository\io\grpc\grpc-alts\1.59.1\grpc-alts-1.59.1.jar;C:\Users\SAILS-DM316\.m2\repository\io\grpc\grpc-grpclb\1.59.1\grpc-grpclb-1.59.1.jar;C:\Users\SAILS-DM316\.m2\repository\org\conscrypt\conscrypt-openjdk-uber\2.5.2\conscrypt-openjdk-uber-2.5.2.jar;C:\Users\SAILS-DM316\.m2\repository\io\grpc\grpc-auth\1.59.1\grpc-auth-1.59.1.jar;C:\Users\SAILS-DM316\.m2\repository\io\grpc\grpc-protobuf\1.59.1\grpc-protobuf-1.59.1.jar;C:\Users\SAILS-DM316\.m2\repository\io\grpc\grpc-protobuf-lite\1.59.1\grpc-protobuf-lite-1.59.1.jar;C:\Users\SAILS-DM316\.m2\repository\javax\annotation\javax.annotation-api\1.3.2\javax.annotation-api-1.3.2.jar;C:\Users\SAILS-DM316\.m2\repository\io\opencensus\opencensus-api\0.31.1\opencensus-api-0.31.1.jar;C:\Users\SAILS-DM316\.m2\repository\io\grpc\grpc-context\1.59.1\grpc-context-1.59.1.jar;C:\Users\SAILS-DM316\.m2\repository\com\google\api\grpc\proto-google-cloud-storage-v2\2.30.1-alpha\proto-google-cloud-storage-v2-2.30.1-alpha.jar;C:\Users\SAILS-DM316\.m2\repository\com\google\api\grpc\grpc-google-cloud-storage-v2\2.30.1-alpha\grpc-google-cloud-storage-v2-2.30.1-alpha.jar;C:\Users\SAILS-DM316\.m2\repository\com\google\api\grpc\gapic-google-cloud-storage-v2\2.30.1-alpha\gapic-google-cloud-storage-v2-2.30.1-alpha.jar;C:\Users\SAILS-DM316\.m2\repository\io\grpc\grpc-api\1.59.1\grpc-api-1.59.1.jar;C:\Users\SAILS-DM316\.m2\repository\io\grpc\grpc-netty-shaded\1.59.1\grpc-netty-shaded-1.59.1.jar;C:\Users\SAILS-DM316\.m2\repository\io\perfmark\perfmark-api\0.26.0\perfmark-api-0.26.0.jar;C:\Users\SAILS-DM316\.m2\repository\io\grpc\grpc-core\1.59.1\grpc-core-1.59.1.jar;C:\Users\SAILS-DM316\.m2\repository\com\google\android\annotations\4.1.1.4\annotations-4.1.1.4.jar;C:\Users\SAILS-DM316\.m2\repository\org\codehaus\mojo\animal-sniffer-annotations\1.23\animal-sniffer-annotations-1.23.jar;C:\Users\SAILS-DM316\.m2\repository\io\grpc\grpc-stub\1.59.1\grpc-stub-1.59.1.jar;C:\Users\SAILS-DM316\.m2\repository\io\grpc\grpc-googleapis\1.59.1\grpc-googleapis-1.59.1.jar;C:\Users\SAILS-DM316\.m2\repository\org\checkerframework\checker-qual\3.40.0\checker-qual-3.40.0.jar;C:\Users\SAILS-DM316\.m2\repository\io\grpc\grpc-xds\1.59.1\grpc-xds-1.59.1.jar;C:\Users\SAILS-DM316\.m2\repository\io\opencensus\opencensus-proto\0.2.0\opencensus-proto-0.2.0.jar;C:\Users\SAILS-DM316\.m2\repository\io\grpc\grpc-services\1.59.1\grpc-services-1.59.1.jar;C:\Users\SAILS-DM316\.m2\repository\com\google\re2j\re2j\1.7\re2j-1.7.jar;C:\Users\SAILS-DM316\.m2\repository\io\grpc\grpc-rls\1.59.1\grpc-rls-1.59.1.jar;C:\Users\SAILS-DM316\.m2\repository\io\grpc\grpc-util\1.59.1\grpc-util-1.59.1.jar;C:\Users\SAILS-DM316\.m2\repository\org\projectlombok\lombok\1.18.32\lombok-1.18.32.jar;C:\Users\SAILS-DM316\.m2\repository\org\springframework\boot\spring-boot-starter-test\3.2.5\spring-boot-starter-test-3.2.5.jar;C:\Users\SAILS-DM316\.m2\repository\org\springframework\boot\spring-boot-test\3.2.5\spring-boot-test-3.2.5.jar;C:\Users\SAILS-DM316\.m2\repository\org\springframework\boot\spring-boot-test-autoconfigure\3.2.5\spring-boot-test-autoconfigure-3.2.5.jar;C:\Users\SAILS-DM316\.m2\repository\com\jayway\jsonpath\json-path\2.9.0\json-path-2.9.0.jar;C:\Users\SAILS-DM316\.m2\repository\jakarta\xml\bind\jakarta.xml.bind-api\4.0.2\jakarta.xml.bind-api-4.0.2.jar;C:\Users\SAILS-DM316\.m2\repository\jakarta\activation\jakarta.activation-api\2.1.3\jakarta.activation-api-2.1.3.jar;C:\Users\SAILS-DM316\.m2\repository\net\minidev\json-smart\2.5.1\json-smart-2.5.1.jar;C:\Users\SAILS-DM316\.m2\repository\net\minidev\accessors-smart\2.5.1\accessors-smart-2.5.1.jar;C:\Users\SAILS-DM316\.m2\repository\org\ow2\asm\asm\9.6\asm-9.6.jar;C:\Users\SAILS-DM316\.m2\repository\org\assertj\assertj-core\3.24.2\assertj-core-3.24.2.jar;C:\Users\SAILS-DM316\.m2\repository\net\bytebuddy\byte-buddy\1.14.13\byte-buddy-1.14.13.jar;C:\Users\SAILS-DM316\.m2\repository\org\awaitility\awaitility\4.2.1\awaitility-4.2.1.jar;C:\Users\SAILS-DM316\.m2\repository\org\hamcrest\hamcrest\2.2\hamcrest-2.2.jar;C:\Users\SAILS-DM316\.m2\repository\org\junit\jupiter\junit-jupiter\5.10.2\junit-jupiter-5.10.2.jar;C:\Users\SAILS-DM316\.m2\repository\org\junit\jupiter\junit-jupiter-api\5.10.2\junit-jupiter-api-5.10.2.jar;C:\Users\SAILS-DM316\.m2\repository\org\opentest4j\opentest4j\1.3.0\opentest4j-1.3.0.jar;C:\Users\SAILS-DM316\.m2\repository\org\junit\platform\junit-platform-commons\1.10.2\junit-platform-commons-1.10.2.jar;C:\Users\SAILS-DM316\.m2\repository\org\apiguardian\apiguardian-api\1.1.2\apiguardian-api-1.1.2.jar;C:\Users\SAILS-DM316\.m2\repository\org\junit\jupiter\junit-jupiter-params\5.10.2\junit-jupiter-params-5.10.2.jar;C:\Users\SAILS-DM316\.m2\repository\org\junit\jupiter\junit-jupiter-engine\5.10.2\junit-jupiter-engine-5.10.2.jar;C:\Users\SAILS-DM316\.m2\repository\org\junit\platform\junit-platform-engine\1.10.2\junit-platform-engine-1.10.2.jar;C:\Users\SAILS-DM316\.m2\repository\org\mockito\mockito-core\5.7.0\mockito-core-5.7.0.jar;C:\Users\SAILS-DM316\.m2\repository\net\bytebuddy\byte-buddy-agent\1.14.13\byte-buddy-agent-1.14.13.jar;C:\Users\SAILS-DM316\.m2\repository\org\objenesis\objenesis\3.3\objenesis-3.3.jar;C:\Users\SAILS-DM316\.m2\repository\org\mockito\mockito-junit-jupiter\5.7.0\mockito-junit-jupiter-5.7.0.jar;C:\Users\SAILS-DM316\.m2\repository\org\skyscreamer\jsonassert\1.5.1\jsonassert-1.5.1.jar;C:\Users\SAILS-DM316\.m2\repository\com\vaadin\external\google\android-json\0.0.20131108.vaadin1\android-json-0.0.20131108.vaadin1.jar;C:\Users\SAILS-DM316\.m2\repository\org\springframework\spring-core\6.1.6\spring-core-6.1.6.jar;C:\Users\SAILS-DM316\.m2\repository\org\springframework\spring-jcl\6.1.6\spring-jcl-6.1.6.jar;C:\Users\SAILS-DM316\.m2\repository\org\springframework\spring-test\6.1.6\spring-test-6.1.6.jar;C:\Users\SAILS-DM316\.m2\repository\org\xmlunit\xmlunit-core\2.9.1\xmlunit-core-2.9.1.jar;"/>
    <property name="sun.cpu.endian" value="little"/>
    <property name="user.home" value="C:\Users\SAILS-DM316"/>
    <property name="user.language" value="en"/>
    <property name="java.specification.vendor" value="Oracle Corporation"/>
    <property name="java.version.date" value="2023-01-17"/>
    <property name="java.home" value="C:\Users\SAILS-DM316\.jdks\corretto-17.0.6"/>
    <property name="file.separator" value="\"/>
    <property name="basedir" value="C:\code\gcs-storage-demo\gcs-storage-demo"/>
    <property name="java.vm.compressedOopsMode" value="Zero based"/>
    <property name="line.separator" value="&#10;"/>
    <property name="java.vm.specification.vendor" value="Oracle Corporation"/>
    <property name="java.specification.name" value="Java Platform API Specification"/>
    <property name="FILE_LOG_CHARSET" value="windows-1252"/>
    <property name="java.awt.headless" value="true"/>
    <property name="surefire.real.class.path" value="C:\Users\SAILS-DM316\AppData\Local\Temp\surefire2799634938358851178\surefirebooter-20240507190309247_3.jar"/>
    <property name="user.script" value=""/>
    <property name="sun.management.compiler" value="HotSpot 64-Bit Tiered Compilers"/>
    <property name="java.runtime.version" value="17.0.6+10-LTS"/>
    <property name="user.name" value="SAILS-DM316"/>
    <property name="path.separator" value=";"/>
    <property name="os.version" value="10.0"/>
    <property name="java.runtime.name" value="OpenJDK Runtime Environment"/>
    <property name="file.encoding" value="Cp1252"/>
    <property name="java.vm.name" value="OpenJDK 64-Bit Server VM"/>
    <property name="java.vendor.version" value="Corretto-17.0.6.10.1"/>
    <property name="localRepository" value="C:\Users\SAILS-DM316\.m2\repository"/>
    <property name="java.vendor.url.bug" value="https://github.com/corretto/corretto-17/issues/"/>
    <property name="java.io.tmpdir" value="C:\Users\SAILS-~1\AppData\Local\Temp\"/>
    <property name="idea.version" value="2023.1"/>
    <property name="java.version" value="17.0.6"/>
    <property name="user.dir" value="C:\code\gcs-storage-demo\gcs-storage-demo"/>
    <property name="os.arch" value="amd64"/>
    <property name="java.vm.specification.name" value="Java Virtual Machine Specification"/>
    <property name="PID" value="28996"/>
    <property name="sun.os.patch.level" value=""/>
    <property name="CONSOLE_LOG_CHARSET" value="windows-1252"/>
    <property name="native.encoding" value="Cp1252"/>
    <property name="java.library.path" value="C:\Users\SAILS-DM316\.jdks\corretto-17.0.6\bin;C:\WINDOWS\Sun\Java\bin;C:\WINDOWS\system32;C:\WINDOWS;C:\Program Files\OpenLogic\jdk-17.0.9.9-hotspot\bin;C:\WINDOWS\system32;C:\WINDOWS;C:\WINDOWS\System32\Wbem;C:\WINDOWS\System32\WindowsPowerShell\v1.0\;C:\WINDOWS\System32\OpenSSH\;C:\Program Files\Microsoft SQL Server\150\Tools\Binn\;C:\Program Files\Microsoft SQL Server\Client SDK\ODBC\170\Tools\Binn\;C:\Program Files\dotnet\;C:\Program Files\Git\cmd;C:\Program Files\nodejs\;C:\Program Files\Docker\Docker\resources\bin;C:\Program Files\TortoiseGit\bin;C:\Program Files (x86)\Google\Cloud SDK\google-cloud-sdk\bin;C:\Users\SAILS-DM316\AppData\Local\Programs\Python\Python311\Scripts\;C:\Users\SAILS-DM316\AppData\Local\Programs\Python\Python311\;C:\Users\SAILS-DM316\AppData\Local\Microsoft\WindowsApps;C:\Program Files\JetBrains\IntelliJ IDEA Community Edition 2023.1\bin;;C:\Users\SAILS-DM316\.dotnet\tools;C:\Users\SAILS-DM316\AppData\Local\GitHubDesktop\bin;C:\Users\SAILS-DM316\AppData\Local\Programs\Microsoft VS Code\bin;C:\Users\SAILS-DM316\AppData\Roaming\npm;C:\Users\SAILS-DM316\AppData\Roaming\Python\Scripts;C:\Users\SAILS-DM316\AppData\Local\Programs\Fiddler;%USERPROFILE%\AppData\Local\Microsoft\WindowsApps;."/>
    <property name="java.vm.info" value="mixed mode, sharing"/>
    <property name="java.vendor" value="Amazon.com Inc."/>
    <property name="java.vm.version" value="17.0.6+10-LTS"/>
    <property name="sun.io.unicode.encoding" value="UnicodeLittle"/>
    <property name="java.class.version" value="61.0"/>
    <property name="LOGGED_APPLICATION_NAME" value="[gcs-storage-demo] "/>
  </properties>
  <testcase name="contextLoads" classname="com.gcp.gcsstoragedemo.GcsStorageDemoApplicationTests" time="1.258">
    <system-out><![CDATA[Standard Commons Logging discovery in action with spring-jcl: please remove commons-logging.jar from classpath in order to avoid potential conflicts
19:03:10.576 [main] INFO org.springframework.test.context.support.AnnotationConfigContextLoaderUtils -- Could not detect default configuration classes for test class [com.gcp.gcsstoragedemo.GcsStorageDemoApplicationTests]: GcsStorageDemoApplicationTests does not declare any static, non-private, non-final, nested classes annotated with @Configuration.
19:03:10.732 [main] INFO org.springframework.boot.test.context.SpringBootTestContextBootstrapper -- Found @SpringBootConfiguration com.gcp.gcsstoragedemo.GcsStorageDemoApplication for test class com.gcp.gcsstoragedemo.GcsStorageDemoApplicationTests

  .   ____          _            __ _ _
 /\\ / ___'_ __ _ _(_)_ __  __ _ \ \ \ \
( ( )\___ | '_ | '_| | '_ \/ _` | \ \ \ \
 \\/  ___)| |_)| | | | | || (_| |  ) ) ) )
  '  |____| .__|_| |_|_| |_\__, | / / / /
 =========|_|==============|___/=/_/_/_/
 :: Spring Boot ::                (v3.2.5)

2024-05-07T19:03:11.393+05:30  INFO 28996 --- [gcs-storage-demo] [           main] c.g.g.GcsStorageDemoApplicationTests     : Starting GcsStorageDemoApplicationTests using Java 17.0.6 with PID 28996 (started by SAILS-DM316 in C:\code\gcs-storage-demo\gcs-storage-demo)
2024-05-07T19:03:11.397+05:30  INFO 28996 --- [gcs-storage-demo] [           main] c.g.g.GcsStorageDemoApplicationTests     : No active profile set, falling back to 1 default profile: "default"
2024-05-07T19:03:12.760+05:30  INFO 28996 --- [gcs-storage-demo] [           main] c.g.c.s.a.c.GcpContextAutoConfiguration  : The default project ID is interview-builder-dev
2024-05-07T19:03:12.801+05:30  INFO 28996 --- [gcs-storage-demo] [           main] c.g.c.s.core.DefaultCredentialsProvider  : Default credentials provider for user 764086051850-6qr4p6gpi6hn506pt8ejuq83di341hur.apps.googleusercontent.com
2024-05-07T19:03:12.801+05:30  INFO 28996 --- [gcs-storage-demo] [           main] c.g.c.s.core.DefaultCredentialsProvider  : Scopes in use by default credentials: [https://www.googleapis.com/auth/pubsub, https://www.googleapis.com/auth/spanner.admin, https://www.googleapis.com/auth/spanner.data, https://www.googleapis.com/auth/datastore, https://www.googleapis.com/auth/sqlservice.admin, https://www.googleapis.com/auth/devstorage.read_only, https://www.googleapis.com/auth/devstorage.read_write, https://www.googleapis.com/auth/cloudruntimeconfig, https://www.googleapis.com/auth/trace.append, https://www.googleapis.com/auth/cloud-platform, https://www.googleapis.com/auth/cloud-vision, https://www.googleapis.com/auth/bigquery, https://www.googleapis.com/auth/monitoring.write]
2024-05-07T19:03:13.563+05:30  INFO 28996 --- [gcs-storage-demo] [           main] c.g.g.GcsStorageDemoApplicationTests     : Started GcsStorageDemoApplicationTests in 2.582 seconds (process running for 4.112)
]]></system-out>
  </testcase>
</testsuite>